<?xml version="1.0" encoding="UTF-8"?>
<testng-results ignored="0" total="1" passed="1" failed="0" skipped="0">
  <reporter-output>
  </reporter-output>
  <suite started-at="2026-03-12T21:00:07 IST" name="AmazonSuite" finished-at="2026-03-12T21:00:30 IST" duration-ms="22756">
    <groups>
    </groups>
    <test started-at="2026-03-12T21:00:07 IST" name="AmazonPurchaseTest" finished-at="2026-03-12T21:00:30 IST" duration-ms="22756">
      <class name="tests.AmazonPurchaseTest">
        <test-method is-config="true" signature="setup()[pri:0, instance:tests.AmazonPurchaseTest@799f10e1]" started-at="2026-03-12T21:00:07 IST" name="setup" finished-at="2026-03-12T21:00:14 IST" duration-ms="7160" status="PASS">
          <reporter-output>
          </reporter-output>
        </test-method> <!-- setup -->
        <test-method signature="buyIphoneTest()[pri:0, instance:tests.AmazonPurchaseTest@799f10e1]" started-at="2026-03-12T21:00:14 IST" name="buyIphoneTest" finished-at="2026-03-12T21:00:30 IST" duration-ms="15516" status="PASS">
          <reporter-output>
          </reporter-output>
        </test-method> <!-- buyIphoneTest -->
        <test-method is-config="true" signature="tearDown()[pri:0, instance:tests.AmazonPurchaseTest@799f10e1]" started-at="2026-03-12T21:00:30 IST" name="tearDown" finished-at="2026-03-12T21:00:30 IST" duration-ms="0" status="PASS">
          <reporter-output>
          </reporter-output>
        </test-method> <!-- tearDown -->
      </class> <!-- tests.AmazonPurchaseTest -->
    </test> <!-- AmazonPurchaseTest -->
  </suite> <!-- AmazonSuite -->
</testng-results>
